2019-01-03 14:45:01.282 |-INFO  [main] org.springframework.context.annotation.AnnotationConfigApplicationContext [583] -| Refreshing org.springframework.context.annotation.AnnotationConfigApplicationContext@6436a7db: startup date [Thu Jan 03 14:45:01 CST 2019]; root of context hierarchy
2019-01-03 14:45:01.426 |-INFO  [background-preinit] org.hibernate.validator.internal.util.Version [30] -| HV000001: Hibernate Validator 5.3.6.Final
2019-01-03 14:45:01.625 |-INFO  [main] org.springframework.context.support.PostProcessorRegistrationDelegate$BeanPostProcessorChecker [327] -| Bean 'configurationPropertiesRebinderAutoConfiguration' of type [org.springframework.cloud.autoconfigure.ConfigurationPropertiesRebinderAutoConfiguration$$EnhancerBySpringCGLIB$$62b337f0] is not eligible for getting processed by all BeanPostProcessors (for example: not eligible for auto-proxying)
2019-01-03 14:45:02.550 |-INFO  [main] somnous.y.configservice.ConfigServiceApplication [593] -| No active profile set, falling back to default profiles: default
2019-01-03 14:45:02.565 |-INFO  [main] org.springframework.boot.context.embedded.AnnotationConfigEmbeddedWebApplicationContext [583] -| Refreshing org.springframework.boot.context.embedded.AnnotationConfigEmbeddedWebApplicationContext@73ab3aac: startup date [Thu Jan 03 14:45:02 CST 2019]; parent: org.springframework.context.annotation.AnnotationConfigApplicationContext@6436a7db
2019-01-03 14:45:03.249 |-INFO  [main] org.springframework.cloud.context.scope.GenericScope [289] -| BeanFactory id=e383a9ba-7106-36a4-8976-1cf6cef9d8a2
2019-01-03 14:45:03.346 |-INFO  [main] org.springframework.context.support.PostProcessorRegistrationDelegate$BeanPostProcessorChecker [327] -| Bean 'org.springframework.cloud.autoconfigure.ConfigurationPropertiesRebinderAutoConfiguration' of type [org.springframework.cloud.autoconfigure.ConfigurationPropertiesRebinderAutoConfiguration$$EnhancerBySpringCGLIB$$62b337f0] is not eligible for getting processed by all BeanPostProcessors (for example: not eligible for auto-proxying)
2019-01-03 14:45:03.671 |-INFO  [main] org.springframework.boot.context.embedded.tomcat.TomcatEmbeddedServletContainer [89] -| Tomcat initialized with port(s): 8082 (http)
2019-01-03 14:45:03.684 |-INFO  [main] org.apache.catalina.core.StandardService [180] -| Starting service [Tomcat]
2019-01-03 14:45:03.685 |-INFO  [main] org.apache.catalina.core.StandardEngine [180] -| Starting Servlet Engine: Apache Tomcat/8.5.27
2019-01-03 14:45:03.830 |-INFO  [localhost-startStop-1] org.apache.catalina.core.ContainerBase.[Tomcat].[localhost].[/] [180] -| Initializing Spring embedded WebApplicationContext
2019-01-03 14:45:03.830 |-INFO  [localhost-startStop-1] org.springframework.web.context.ContextLoader [276] -| Root WebApplicationContext: initialization completed in 1265 ms
2019-01-03 14:45:04.127 |-INFO  [localhost-startStop-1] org.springframework.boot.web.servlet.ServletRegistrationBean [190] -| Mapping servlet: 'dispatcherServlet' to [/]
2019-01-03 14:45:04.132 |-INFO  [localhost-startStop-1] org.springframework.boot.web.servlet.FilterRegistrationBean [258] -| Mapping filter: 'metricsFilter' to: [/*]
2019-01-03 14:45:04.133 |-INFO  [localhost-startStop-1] org.springframework.boot.web.servlet.FilterRegistrationBean [258] -| Mapping filter: 'characterEncodingFilter' to: [/*]
2019-01-03 14:45:04.133 |-INFO  [localhost-startStop-1] org.springframework.boot.web.servlet.FilterRegistrationBean [258] -| Mapping filter: 'hiddenHttpMethodFilter' to: [/*]
2019-01-03 14:45:04.133 |-INFO  [localhost-startStop-1] org.springframework.boot.web.servlet.FilterRegistrationBean [258] -| Mapping filter: 'httpPutFormContentFilter' to: [/*]
2019-01-03 14:45:04.133 |-INFO  [localhost-startStop-1] org.springframework.boot.web.servlet.FilterRegistrationBean [258] -| Mapping filter: 'requestContextFilter' to: [/*]
2019-01-03 14:45:04.133 |-INFO  [localhost-startStop-1] org.springframework.boot.web.servlet.FilterRegistrationBean [258] -| Mapping filter: 'webRequestLoggingFilter' to: [/*]
2019-01-03 14:45:04.134 |-INFO  [localhost-startStop-1] org.springframework.boot.web.servlet.FilterRegistrationBean [258] -| Mapping filter: 'applicationContextIdFilter' to: [/*]
2019-01-03 14:45:04.658 |-INFO  [main] org.springframework.web.servlet.mvc.method.annotation.RequestMappingHandlerAdapter [534] -| Looking for @ControllerAdvice: org.springframework.boot.context.embedded.AnnotationConfigEmbeddedWebApplicationContext@73ab3aac: startup date [Thu Jan 03 14:45:02 CST 2019]; parent: org.springframework.context.annotation.AnnotationConfigApplicationContext@6436a7db
2019-01-03 14:45:04.814 |-INFO  [main] org.springframework.web.servlet.mvc.method.annotation.RequestMappingHandlerMapping [543] -| Mapped "{[/error]}" onto public org.springframework.http.ResponseEntity<java.util.Map<java.lang.String, java.lang.Object>> org.springframework.boot.autoconfigure.web.BasicErrorController.error(javax.servlet.http.HttpServletRequest)
2019-01-03 14:45:04.815 |-INFO  [main] org.springframework.web.servlet.mvc.method.annotation.RequestMappingHandlerMapping [543] -| Mapped "{[/error],produces=[text/html]}" onto public org.springframework.web.servlet.ModelAndView org.springframework.boot.autoconfigure.web.BasicErrorController.errorHtml(javax.servlet.http.HttpServletRequest,javax.servlet.http.HttpServletResponse)
2019-01-03 14:45:04.825 |-INFO  [main] org.springframework.web.servlet.mvc.method.annotation.RequestMappingHandlerMapping [543] -| Mapped "{[/encrypt],methods=[POST]}" onto public java.lang.String org.springframework.cloud.config.server.encryption.EncryptionController.encrypt(java.lang.String,org.springframework.http.MediaType)
2019-01-03 14:45:04.826 |-INFO  [main] org.springframework.web.servlet.mvc.method.annotation.RequestMappingHandlerMapping [543] -| Mapped "{[/encrypt/{name}/{profiles}],methods=[POST]}" onto public java.lang.String org.springframework.cloud.config.server.encryption.EncryptionController.encrypt(java.lang.String,java.lang.String,java.lang.String,org.springframework.http.MediaType)
2019-01-03 14:45:04.826 |-INFO  [main] org.springframework.web.servlet.mvc.method.annotation.RequestMappingHandlerMapping [543] -| Mapped "{[/decrypt],methods=[POST]}" onto public java.lang.String org.springframework.cloud.config.server.encryption.EncryptionController.decrypt(java.lang.String,org.springframework.http.MediaType)
2019-01-03 14:45:04.827 |-INFO  [main] org.springframework.web.servlet.mvc.method.annotation.RequestMappingHandlerMapping [543] -| Mapped "{[/decrypt/{name}/{profiles}],methods=[POST]}" onto public java.lang.String org.springframework.cloud.config.server.encryption.EncryptionController.decrypt(java.lang.String,java.lang.String,java.lang.String,org.springframework.http.MediaType)
2019-01-03 14:45:04.827 |-INFO  [main] org.springframework.web.servlet.mvc.method.annotation.RequestMappingHandlerMapping [543] -| Mapped "{[/key],methods=[GET]}" onto public java.lang.String org.springframework.cloud.config.server.encryption.EncryptionController.getPublicKey()
2019-01-03 14:45:04.827 |-INFO  [main] org.springframework.web.servlet.mvc.method.annotation.RequestMappingHandlerMapping [543] -| Mapped "{[/key/{name}/{profiles}],methods=[GET]}" onto public java.lang.String org.springframework.cloud.config.server.encryption.EncryptionController.getPublicKey(java.lang.String,java.lang.String)
2019-01-03 14:45:04.828 |-INFO  [main] org.springframework.web.servlet.mvc.method.annotation.RequestMappingHandlerMapping [543] -| Mapped "{[/encrypt/status],methods=[GET]}" onto public java.util.Map<java.lang.String, java.lang.Object> org.springframework.cloud.config.server.encryption.EncryptionController.status()
2019-01-03 14:45:04.839 |-INFO  [main] org.springframework.web.servlet.mvc.method.annotation.RequestMappingHandlerMapping [543] -| Mapped "{[/{name}-{profiles}.properties],methods=[GET]}" onto public org.springframework.http.ResponseEntity<java.lang.String> org.springframework.cloud.config.server.environment.EnvironmentController.properties(java.lang.String,java.lang.String,boolean) throws java.io.IOException
2019-01-03 14:45:04.840 |-INFO  [main] org.springframework.web.servlet.mvc.method.annotation.RequestMappingHandlerMapping [543] -| Mapped "{[/{name}-{profiles}.yml || /{name}-{profiles}.yaml],methods=[GET]}" onto public org.springframework.http.ResponseEntity<java.lang.String> org.springframework.cloud.config.server.environment.EnvironmentController.yaml(java.lang.String,java.lang.String,boolean) throws java.lang.Exception
2019-01-03 14:45:04.841 |-INFO  [main] org.springframework.web.servlet.mvc.method.annotation.RequestMappingHandlerMapping [543] -| Mapped "{[/{name}/{profiles:.*[^-].*}],methods=[GET]}" onto public org.springframework.cloud.config.environment.Environment org.springframework.cloud.config.server.environment.EnvironmentController.defaultLabel(java.lang.String,java.lang.String)
2019-01-03 14:45:04.842 |-INFO  [main] org.springframework.web.servlet.mvc.method.annotation.RequestMappingHandlerMapping [543] -| Mapped "{[/{label}/{name}-{profiles}.properties],methods=[GET]}" onto public org.springframework.http.ResponseEntity<java.lang.String> org.springframework.cloud.config.server.environment.EnvironmentController.labelledProperties(java.lang.String,java.lang.String,java.lang.String,boolean) throws java.io.IOException
2019-01-03 14:45:04.842 |-INFO  [main] org.springframework.web.servlet.mvc.method.annotation.RequestMappingHandlerMapping [543] -| Mapped "{[/{label}/{name}-{profiles}.json],methods=[GET]}" onto public org.springframework.http.ResponseEntity<java.lang.String> org.springframework.cloud.config.server.environment.EnvironmentController.labelledJsonProperties(java.lang.String,java.lang.String,java.lang.String,boolean) throws java.lang.Exception
2019-01-03 14:45:04.843 |-INFO  [main] org.springframework.web.servlet.mvc.method.annotation.RequestMappingHandlerMapping [543] -| Mapped "{[/{name}/{profiles}/{label:.*}],methods=[GET]}" onto public org.springframework.cloud.config.environment.Environment org.springframework.cloud.config.server.environment.EnvironmentController.labelled(java.lang.String,java.lang.String,java.lang.String)
2019-01-03 14:45:04.843 |-INFO  [main] org.springframework.web.servlet.mvc.method.annotation.RequestMappingHandlerMapping [543] -| Mapped "{[/{label}/{name}-{profiles}.yml || /{label}/{name}-{profiles}.yaml],methods=[GET]}" onto public org.springframework.http.ResponseEntity<java.lang.String> org.springframework.cloud.config.server.environment.EnvironmentController.labelledYaml(java.lang.String,java.lang.String,java.lang.String,boolean) throws java.lang.Exception
2019-01-03 14:45:04.844 |-INFO  [main] org.springframework.web.servlet.mvc.method.annotation.RequestMappingHandlerMapping [543] -| Mapped "{[/{name}-{profiles}.json],methods=[GET]}" onto public org.springframework.http.ResponseEntity<java.lang.String> org.springframework.cloud.config.server.environment.EnvironmentController.jsonProperties(java.lang.String,java.lang.String,boolean) throws java.lang.Exception
2019-01-03 14:45:04.853 |-INFO  [main] org.springframework.web.servlet.mvc.method.annotation.RequestMappingHandlerMapping [543] -| Mapped "{[/{name}/{profile}/{label}/**],methods=[GET],produces=[application/octet-stream]}" onto public synchronized byte[] org.springframework.cloud.config.server.resource.ResourceController.binary(java.lang.String,java.lang.String,java.lang.String,javax.servlet.http.HttpServletRequest) throws java.io.IOException
2019-01-03 14:45:04.853 |-INFO  [main] org.springframework.web.servlet.mvc.method.annotation.RequestMappingHandlerMapping [543] -| Mapped "{[/{name}/{profile}/{label}/**],methods=[GET]}" onto public java.lang.String org.springframework.cloud.config.server.resource.ResourceController.retrieve(java.lang.String,java.lang.String,java.lang.String,javax.servlet.http.HttpServletRequest,boolean) throws java.io.IOException
2019-01-03 14:45:04.854 |-INFO  [main] org.springframework.web.servlet.mvc.method.annotation.RequestMappingHandlerMapping [543] -| Mapped "{[/{name}/{profile}/**],methods=[GET],params=[useDefaultLabel]}" onto public java.lang.String org.springframework.cloud.config.server.resource.ResourceController.retrieve(java.lang.String,java.lang.String,javax.servlet.http.HttpServletRequest,boolean) throws java.io.IOException
2019-01-03 14:45:04.922 |-INFO  [main] org.springframework.web.servlet.handler.SimpleUrlHandlerMapping [362] -| Mapped URL path [/webjars/**] onto handler of type [class org.springframework.web.servlet.resource.ResourceHttpRequestHandler]
2019-01-03 14:45:04.922 |-INFO  [main] org.springframework.web.servlet.handler.SimpleUrlHandlerMapping [362] -| Mapped URL path [/**] onto handler of type [class org.springframework.web.servlet.resource.ResourceHttpRequestHandler]
2019-01-03 14:45:05.050 |-INFO  [main] org.springframework.web.servlet.handler.SimpleUrlHandlerMapping [362] -| Mapped URL path [/**/favicon.ico] onto handler of type [class org.springframework.web.servlet.resource.ResourceHttpRequestHandler]
2019-01-03 14:45:11.064 |-WARN  [main] org.springframework.boot.context.embedded.AnnotationConfigEmbeddedWebApplicationContext [551] -| Exception encountered during context initialization - cancelling refresh attempt: org.springframework.beans.factory.BeanCreationException: Error creating bean with name 'org.springframework.boot.actuate.autoconfigure.EndpointAutoConfiguration': Bean instantiation via constructor failed; nested exception is org.springframework.beans.BeanInstantiationException: Failed to instantiate [org.springframework.boot.actuate.autoconfigure.EndpointAutoConfiguration$$EnhancerBySpringCGLIB$$54a26f1f]: Constructor threw exception; nested exception is org.springframework.beans.factory.UnsatisfiedDependencyException: Error creating bean with name 'configServerHealthIndicator' defined in class path resource [org/springframework/cloud/config/server/config/EnvironmentRepositoryConfiguration.class]: Unsatisfied dependency expressed through method 'configServerHealthIndicator' parameter 0; nested exception is org.springframework.beans.factory.UnsatisfiedDependencyException: Error creating bean with name 'org.springframework.cloud.config.server.config.CompositeConfiguration': Unsatisfied dependency expressed through method 'setEnvironmentRepos' parameter 0; nested exception is org.springframework.beans.factory.BeanCreationException: Error creating bean with name 'defaultEnvironmentRepository' defined in class path resource [org/springframework/cloud/config/server/config/DefaultRepositoryConfiguration.class]: Invocation of init method failed; nested exception is org.eclipse.jgit.api.errors.TransportException: https://github.com/yuanchangxin/363Tec-config.git: cannot open git-upload-pack
2019-01-03 14:45:11.065 |-INFO  [main] org.springframework.jmx.export.annotation.AnnotationMBeanExporter [449] -| Unregistering JMX-exposed beans on shutdown
2019-01-03 14:45:11.066 |-INFO  [main] org.apache.catalina.core.StandardService [180] -| Stopping service [Tomcat]
2019-01-03 14:45:11.084 |-INFO  [main] org.springframework.boot.autoconfigure.logging.AutoConfigurationReportLoggingInitializer [101] -| 

Error starting ApplicationContext. To display the auto-configuration report re-run your application with 'debug' enabled.
2019-01-03 14:45:11.095 |-ERROR [main] org.springframework.boot.SpringApplication [771] -| Application startup failed
org.springframework.beans.factory.BeanCreationException: Error creating bean with name 'org.springframework.boot.actuate.autoconfigure.EndpointAutoConfiguration': Bean instantiation via constructor failed; nested exception is org.springframework.beans.BeanInstantiationException: Failed to instantiate [org.springframework.boot.actuate.autoconfigure.EndpointAutoConfiguration$$EnhancerBySpringCGLIB$$54a26f1f]: Constructor threw exception; nested exception is org.springframework.beans.factory.UnsatisfiedDependencyException: Error creating bean with name 'configServerHealthIndicator' defined in class path resource [org/springframework/cloud/config/server/config/EnvironmentRepositoryConfiguration.class]: Unsatisfied dependency expressed through method 'configServerHealthIndicator' parameter 0; nested exception is org.springframework.beans.factory.UnsatisfiedDependencyException: Error creating bean with name 'org.springframework.cloud.config.server.config.CompositeConfiguration': Unsatisfied dependency expressed through method 'setEnvironmentRepos' parameter 0; nested exception is org.springframework.beans.factory.BeanCreationException: Error creating bean with name 'defaultEnvironmentRepository' defined in class path resource [org/springframework/cloud/config/server/config/DefaultRepositoryConfiguration.class]: Invocation of init method failed; nested exception is org.eclipse.jgit.api.errors.TransportException: https://github.com/yuanchangxin/363Tec-config.git: cannot open git-upload-pack
	at org.springframework.beans.factory.support.ConstructorResolver.autowireConstructor(ConstructorResolver.java:279)
	at org.springframework.beans.factory.support.AbstractAutowireCapableBeanFactory.autowireConstructor(AbstractAutowireCapableBeanFactory.java:1193)
	at org.springframework.beans.factory.support.AbstractAutowireCapableBeanFactory.createBeanInstance(AbstractAutowireCapableBeanFactory.java:1095)
	at org.springframework.beans.factory.support.AbstractAutowireCapableBeanFactory.doCreateBean(AbstractAutowireCapableBeanFactory.java:513)
	at org.springframework.beans.factory.support.AbstractAutowireCapableBeanFactory.createBean(AbstractAutowireCapableBeanFactory.java:483)
	at org.springframework.beans.factory.support.AbstractBeanFactory$1.getObject(AbstractBeanFactory.java:306)
	at org.springframework.beans.factory.support.DefaultSingletonBeanRegistry.getSingleton(DefaultSingletonBeanRegistry.java:230)
	at org.springframework.beans.factory.support.AbstractBeanFactory.doGetBean(AbstractBeanFactory.java:302)
	at org.springframework.beans.factory.support.AbstractBeanFactory.getBean(AbstractBeanFactory.java:197)
	at org.springframework.beans.factory.support.DefaultListableBeanFactory.preInstantiateSingletons(DefaultListableBeanFactory.java:761)
	at org.springframework.context.support.AbstractApplicationContext.finishBeanFactoryInitialization(AbstractApplicationContext.java:867)
	at org.springframework.context.support.AbstractApplicationContext.refresh(AbstractApplicationContext.java:543)
	at org.springframework.boot.context.embedded.EmbeddedWebApplicationContext.refresh(EmbeddedWebApplicationContext.java:122)
	at org.springframework.boot.SpringApplication.refresh(SpringApplication.java:693)
	at org.springframework.boot.SpringApplication.refreshContext(SpringApplication.java:360)
	at org.springframework.boot.SpringApplication.run(SpringApplication.java:303)
	at org.springframework.boot.SpringApplication.run(SpringApplication.java:1118)
	at org.springframework.boot.SpringApplication.run(SpringApplication.java:1107)
	at somnous.y.configservice.ConfigServiceApplication.main(ConfigServiceApplication.java:12)
Caused by: org.springframework.beans.BeanInstantiationException: Failed to instantiate [org.springframework.boot.actuate.autoconfigure.EndpointAutoConfiguration$$EnhancerBySpringCGLIB$$54a26f1f]: Constructor threw exception; nested exception is org.springframework.beans.factory.UnsatisfiedDependencyException: Error creating bean with name 'configServerHealthIndicator' defined in class path resource [org/springframework/cloud/config/server/config/EnvironmentRepositoryConfiguration.class]: Unsatisfied dependency expressed through method 'configServerHealthIndicator' parameter 0; nested exception is org.springframework.beans.factory.UnsatisfiedDependencyException: Error creating bean with name 'org.springframework.cloud.config.server.config.CompositeConfiguration': Unsatisfied dependency expressed through method 'setEnvironmentRepos' parameter 0; nested exception is org.springframework.beans.factory.BeanCreationException: Error creating bean with name 'defaultEnvironmentRepository' defined in class path resource [org/springframework/cloud/config/server/config/DefaultRepositoryConfiguration.class]: Invocation of init method failed; nested exception is org.eclipse.jgit.api.errors.TransportException: https://github.com/yuanchangxin/363Tec-config.git: cannot open git-upload-pack
	at org.springframework.beans.BeanUtils.instantiateClass(BeanUtils.java:154)
	at org.springframework.beans.factory.support.SimpleInstantiationStrategy.instantiate(SimpleInstantiationStrategy.java:122)
	at org.springframework.beans.factory.support.ConstructorResolver.autowireConstructor(ConstructorResolver.java:271)
	... 18 common frames omitted
Caused by: org.springframework.beans.factory.UnsatisfiedDependencyException: Error creating bean with name 'configServerHealthIndicator' defined in class path resource [org/springframework/cloud/config/server/config/EnvironmentRepositoryConfiguration.class]: Unsatisfied dependency expressed through method 'configServerHealthIndicator' parameter 0; nested exception is org.springframework.beans.factory.UnsatisfiedDependencyException: Error creating bean with name 'org.springframework.cloud.config.server.config.CompositeConfiguration': Unsatisfied dependency expressed through method 'setEnvironmentRepos' parameter 0; nested exception is org.springframework.beans.factory.BeanCreationException: Error creating bean with name 'defaultEnvironmentRepository' defined in class path resource [org/springframework/cloud/config/server/config/DefaultRepositoryConfiguration.class]: Invocation of init method failed; nested exception is org.eclipse.jgit.api.errors.TransportException: https://github.com/yuanchangxin/363Tec-config.git: cannot open git-upload-pack
	at org.springframework.beans.factory.support.ConstructorResolver.createArgumentArray(ConstructorResolver.java:749)
	at org.springframework.beans.factory.support.ConstructorResolver.instantiateUsingFactoryMethod(ConstructorResolver.java:467)
	at org.springframework.beans.factory.support.AbstractAutowireCapableBeanFactory.instantiateUsingFactoryMethod(AbstractAutowireCapableBeanFactory.java:1173)
	at org.springframework.beans.factory.support.AbstractAutowireCapableBeanFactory.createBeanInstance(AbstractAutowireCapableBeanFactory.java:1067)
	at org.springframework.beans.factory.support.AbstractAutowireCapableBeanFactory.doCreateBean(AbstractAutowireCapableBeanFactory.java:513)
	at org.springframework.beans.factory.support.AbstractAutowireCapableBeanFactory.createBean(AbstractAutowireCapableBeanFactory.java:483)
	at org.springframework.beans.factory.support.AbstractBeanFactory$1.getObject(AbstractBeanFactory.java:306)
	at org.springframework.beans.factory.support.DefaultSingletonBeanRegistry.getSingleton(DefaultSingletonBeanRegistry.java:230)
	at org.springframework.beans.factory.support.AbstractBeanFactory.doGetBean(AbstractBeanFactory.java:302)
	at org.springframework.beans.factory.support.AbstractBeanFactory.getBean(AbstractBeanFactory.java:202)
	at org.springframework.beans.factory.config.DependencyDescriptor.resolveCandidate(DependencyDescriptor.java:208)
	at org.springframework.beans.factory.support.DefaultListableBeanFactory.addCandidateEntry(DefaultListableBeanFactory.java:1316)
	at org.springframework.beans.factory.support.DefaultListableBeanFactory.findAutowireCandidates(DefaultListableBeanFactory.java:1282)
	at org.springframework.beans.factory.support.DefaultListableBeanFactory.resolveMultipleBeans(DefaultListableBeanFactory.java:1205)
	at org.springframework.beans.factory.support.DefaultListableBeanFactory.doResolveDependency(DefaultListableBeanFactory.java:1096)
	at org.springframework.beans.factory.support.DefaultListableBeanFactory$DependencyObjectProvider.getIfAvailable(DefaultListableBeanFactory.java:1662)
	at org.springframework.boot.actuate.autoconfigure.EndpointAutoConfiguration.<init>(EndpointAutoConfiguration.java:102)
	at org.springframework.boot.actuate.autoconfigure.EndpointAutoConfiguration$$EnhancerBySpringCGLIB$$54a26f1f.<init>(<generated>)
	at sun.reflect.NativeConstructorAccessorImpl.newInstance0(Native Method)
	at sun.reflect.NativeConstructorAccessorImpl.newInstance(NativeConstructorAccessorImpl.java:62)
	at sun.reflect.DelegatingConstructorAccessorImpl.newInstance(DelegatingConstructorAccessorImpl.java:45)
	at java.lang.reflect.Constructor.newInstance(Constructor.java:408)
	at org.springframework.beans.BeanUtils.instantiateClass(BeanUtils.java:142)
	... 20 common frames omitted
Caused by: org.springframework.beans.factory.UnsatisfiedDependencyException: Error creating bean with name 'org.springframework.cloud.config.server.config.CompositeConfiguration': Unsatisfied dependency expressed through method 'setEnvironmentRepos' parameter 0; nested exception is org.springframework.beans.factory.BeanCreationException: Error creating bean with name 'defaultEnvironmentRepository' defined in class path resource [org/springframework/cloud/config/server/config/DefaultRepositoryConfiguration.class]: Invocation of init method failed; nested exception is org.eclipse.jgit.api.errors.TransportException: https://github.com/yuanchangxin/363Tec-config.git: cannot open git-upload-pack
	at org.springframework.beans.factory.annotation.AutowiredAnnotationBeanPostProcessor$AutowiredMethodElement.inject(AutowiredAnnotationBeanPostProcessor.java:667)
	at org.springframework.beans.factory.annotation.InjectionMetadata.inject(InjectionMetadata.java:88)
	at org.springframework.beans.factory.annotation.AutowiredAnnotationBeanPostProcessor.postProcessPropertyValues(AutowiredAnnotationBeanPostProcessor.java:366)
	at org.springframework.beans.factory.support.AbstractAutowireCapableBeanFactory.populateBean(AbstractAutowireCapableBeanFactory.java:1264)
	at org.springframework.beans.factory.support.AbstractAutowireCapableBeanFactory.doCreateBean(AbstractAutowireCapableBeanFactory.java:553)
	at org.springframework.beans.factory.support.AbstractAutowireCapableBeanFactory.createBean(AbstractAutowireCapableBeanFactory.java:483)
	at org.springframework.beans.factory.support.AbstractBeanFactory$1.getObject(AbstractBeanFactory.java:306)
	at org.springframework.beans.factory.support.DefaultSingletonBeanRegistry.getSingleton(DefaultSingletonBeanRegistry.java:230)
	at org.springframework.beans.factory.support.AbstractBeanFactory.doGetBean(AbstractBeanFactory.java:302)
	at org.springframework.beans.factory.support.AbstractBeanFactory.getBean(AbstractBeanFactory.java:197)
	at org.springframework.beans.factory.support.ConstructorResolver.instantiateUsingFactoryMethod(ConstructorResolver.java:372)
	at org.springframework.beans.factory.support.AbstractAutowireCapableBeanFactory.instantiateUsingFactoryMethod(AbstractAutowireCapableBeanFactory.java:1173)
	at org.springframework.beans.factory.support.AbstractAutowireCapableBeanFactory.createBeanInstance(AbstractAutowireCapableBeanFactory.java:1067)
	at org.springframework.beans.factory.support.AbstractAutowireCapableBeanFactory.doCreateBean(AbstractAutowireCapableBeanFactory.java:513)
	at org.springframework.beans.factory.support.AbstractAutowireCapableBeanFactory.createBean(AbstractAutowireCapableBeanFactory.java:483)
	at org.springframework.beans.factory.support.AbstractBeanFactory$1.getObject(AbstractBeanFactory.java:306)
	at org.springframework.beans.factory.support.DefaultSingletonBeanRegistry.getSingleton(DefaultSingletonBeanRegistry.java:230)
	at org.springframework.beans.factory.support.AbstractBeanFactory.doGetBean(AbstractBeanFactory.java:302)
	at org.springframework.beans.factory.support.AbstractBeanFactory.getBean(AbstractBeanFactory.java:202)
	at org.springframework.beans.factory.config.DependencyDescriptor.resolveCandidate(DependencyDescriptor.java:208)
	at org.springframework.beans.factory.support.DefaultListableBeanFactory.doResolveDependency(DefaultListableBeanFactory.java:1138)
	at org.springframework.beans.factory.support.DefaultListableBeanFactory.resolveDependency(DefaultListableBeanFactory.java:1066)
	at org.springframework.beans.factory.support.ConstructorResolver.resolveAutowiredArgument(ConstructorResolver.java:835)
	at org.springframework.beans.factory.support.ConstructorResolver.createArgumentArray(ConstructorResolver.java:741)
	... 42 common frames omitted
Caused by: org.springframework.beans.factory.BeanCreationException: Error creating bean with name 'defaultEnvironmentRepository' defined in class path resource [org/springframework/cloud/config/server/config/DefaultRepositoryConfiguration.class]: Invocation of init method failed; nested exception is org.eclipse.jgit.api.errors.TransportException: https://github.com/yuanchangxin/363Tec-config.git: cannot open git-upload-pack
	at org.springframework.beans.factory.support.AbstractAutowireCapableBeanFactory.initializeBean(AbstractAutowireCapableBeanFactory.java:1628)
	at org.springframework.beans.factory.support.AbstractAutowireCapableBeanFactory.doCreateBean(AbstractAutowireCapableBeanFactory.java:555)
	at org.springframework.beans.factory.support.AbstractAutowireCapableBeanFactory.createBean(AbstractAutowireCapableBeanFactory.java:483)
	at org.springframework.beans.factory.support.AbstractBeanFactory$1.getObject(AbstractBeanFactory.java:306)
	at org.springframework.beans.factory.support.DefaultSingletonBeanRegistry.getSingleton(DefaultSingletonBeanRegistry.java:230)
	at org.springframework.beans.factory.support.AbstractBeanFactory.doGetBean(AbstractBeanFactory.java:302)
	at org.springframework.beans.factory.support.AbstractBeanFactory.getBean(AbstractBeanFactory.java:202)
	at org.springframework.beans.factory.config.DependencyDescriptor.resolveCandidate(DependencyDescriptor.java:208)
	at org.springframework.beans.factory.support.DefaultListableBeanFactory.addCandidateEntry(DefaultListableBeanFactory.java:1316)
	at org.springframework.beans.factory.support.DefaultListableBeanFactory.findAutowireCandidates(DefaultListableBeanFactory.java:1282)
	at org.springframework.beans.factory.support.DefaultListableBeanFactory.resolveMultipleBeans(DefaultListableBeanFactory.java:1180)
	at org.springframework.beans.factory.support.DefaultListableBeanFactory.doResolveDependency(DefaultListableBeanFactory.java:1096)
	at org.springframework.beans.factory.support.DefaultListableBeanFactory.resolveDependency(DefaultListableBeanFactory.java:1066)
	at org.springframework.beans.factory.annotation.AutowiredAnnotationBeanPostProcessor$AutowiredMethodElement.inject(AutowiredAnnotationBeanPostProcessor.java:659)
	... 65 common frames omitted
Caused by: org.eclipse.jgit.api.errors.TransportException: https://github.com/yuanchangxin/363Tec-config.git: cannot open git-upload-pack
	at org.eclipse.jgit.api.FetchCommand.call(FetchCommand.java:139)
	at org.eclipse.jgit.api.CloneCommand.fetch(CloneCommand.java:187)
	at org.eclipse.jgit.api.CloneCommand.call(CloneCommand.java:127)
	at org.springframework.cloud.config.server.environment.JGitEnvironmentRepository.cloneToBasedir(JGitEnvironmentRepository.java:547)
	at org.springframework.cloud.config.server.environment.JGitEnvironmentRepository.initClonedRepository(JGitEnvironmentRepository.java:305)
	at org.springframework.cloud.config.server.environment.JGitEnvironmentRepository.afterPropertiesSet(JGitEnvironmentRepository.java:224)
	at org.springframework.cloud.config.server.environment.MultipleJGitEnvironmentRepository.afterPropertiesSet(MultipleJGitEnvironmentRepository.java:68)
	at org.springframework.beans.factory.support.AbstractAutowireCapableBeanFactory.invokeInitMethods(AbstractAutowireCapableBeanFactory.java:1687)
	at org.springframework.beans.factory.support.AbstractAutowireCapableBeanFactory.initializeBean(AbstractAutowireCapableBeanFactory.java:1624)
	... 78 common frames omitted
Caused by: org.eclipse.jgit.errors.TransportException: https://github.com/yuanchangxin/363Tec-config.git: cannot open git-upload-pack
	at org.eclipse.jgit.transport.TransportHttp.connect(TransportHttp.java:524)
	at org.eclipse.jgit.transport.TransportHttp.openFetch(TransportHttp.java:309)
	at org.eclipse.jgit.transport.FetchProcess.executeImp(FetchProcess.java:136)
	at org.eclipse.jgit.transport.FetchProcess.execute(FetchProcess.java:122)
	at org.eclipse.jgit.transport.Transport.fetch(Transport.java:1138)
	at org.eclipse.jgit.api.FetchCommand.call(FetchCommand.java:130)
	... 86 common frames omitted
Caused by: java.net.SocketTimeoutException: connect timed out
	at java.net.DualStackPlainSocketImpl.waitForConnect(Native Method)
	at java.net.DualStackPlainSocketImpl.socketConnect(DualStackPlainSocketImpl.java:85)
	at java.net.AbstractPlainSocketImpl.doConnect(AbstractPlainSocketImpl.java:345)
	at java.net.AbstractPlainSocketImpl.connectToAddress(AbstractPlainSocketImpl.java:206)
	at java.net.AbstractPlainSocketImpl.connect(AbstractPlainSocketImpl.java:188)
	at java.net.PlainSocketImpl.connect(PlainSocketImpl.java:172)
	at java.net.SocksSocketImpl.connect(SocksSocketImpl.java:392)
	at java.net.Socket.connect(Socket.java:589)
	at sun.security.ssl.SSLSocketImpl.connect(SSLSocketImpl.java:656)
	at sun.net.NetworkClient.doConnect(NetworkClient.java:175)
	at sun.net.www.http.HttpClient.openServer(HttpClient.java:432)
	at sun.net.www.http.HttpClient.openServer(HttpClient.java:527)
	at sun.net.www.protocol.https.HttpsClient.<init>(HttpsClient.java:275)
	at sun.net.www.protocol.https.HttpsClient.New(HttpsClient.java:371)
	at sun.net.www.protocol.https.AbstractDelegateHttpsURLConnection.getNewHttpClient(AbstractDelegateHttpsURLConnection.java:191)
	at sun.net.www.protocol.http.HttpURLConnection.plainConnect0(HttpURLConnection.java:1147)
	at sun.net.www.protocol.http.HttpURLConnection.plainConnect(HttpURLConnection.java:998)
	at sun.net.www.protocol.https.AbstractDelegateHttpsURLConnection.connect(AbstractDelegateHttpsURLConnection.java:177)
	at sun.net.www.protocol.http.HttpURLConnection.getInputStream0(HttpURLConnection.java:1512)
	at sun.net.www.protocol.http.HttpURLConnection.getInputStream(HttpURLConnection.java:1440)
	at java.net.HttpURLConnection.getResponseCode(HttpURLConnection.java:480)
	at sun.net.www.protocol.https.HttpsURLConnectionImpl.getResponseCode(HttpsURLConnectionImpl.java:338)
	at org.eclipse.jgit.transport.http.JDKHttpConnection.getResponseCode(JDKHttpConnection.java:98)
	at org.eclipse.jgit.util.HttpSupport.response(HttpSupport.java:168)
	at org.eclipse.jgit.transport.TransportHttp.connect(TransportHttp.java:475)
	... 91 common frames omitted
2019-01-03 15:35:48.782 |-INFO  [main] org.springframework.context.annotation.AnnotationConfigApplicationContext [583] -| Refreshing org.springframework.context.annotation.AnnotationConfigApplicationContext@388526fb: startup date [Thu Jan 03 15:35:48 CST 2019]; root of context hierarchy
2019-01-03 15:35:48.916 |-INFO  [background-preinit] org.hibernate.validator.internal.util.Version [30] -| HV000001: Hibernate Validator 5.3.6.Final
2019-01-03 15:35:49.084 |-INFO  [main] org.springframework.context.support.PostProcessorRegistrationDelegate$BeanPostProcessorChecker [327] -| Bean 'configurationPropertiesRebinderAutoConfiguration' of type [org.springframework.cloud.autoconfigure.ConfigurationPropertiesRebinderAutoConfiguration$$EnhancerBySpringCGLIB$$ac264616] is not eligible for getting processed by all BeanPostProcessors (for example: not eligible for auto-proxying)
2019-01-03 15:35:49.979 |-INFO  [main] somnous.y.configservice.ConfigServiceApplication [593] -| No active profile set, falling back to default profiles: default
2019-01-03 15:35:49.994 |-INFO  [main] org.springframework.boot.context.embedded.AnnotationConfigEmbeddedWebApplicationContext [583] -| Refreshing org.springframework.boot.context.embedded.AnnotationConfigEmbeddedWebApplicationContext@73ab3aac: startup date [Thu Jan 03 15:35:49 CST 2019]; parent: org.springframework.context.annotation.AnnotationConfigApplicationContext@388526fb
2019-01-03 15:35:50.652 |-INFO  [main] org.springframework.cloud.context.scope.GenericScope [289] -| BeanFactory id=e383a9ba-7106-36a4-8976-1cf6cef9d8a2
2019-01-03 15:35:50.748 |-INFO  [main] org.springframework.context.support.PostProcessorRegistrationDelegate$BeanPostProcessorChecker [327] -| Bean 'org.springframework.cloud.autoconfigure.ConfigurationPropertiesRebinderAutoConfiguration' of type [org.springframework.cloud.autoconfigure.ConfigurationPropertiesRebinderAutoConfiguration$$EnhancerBySpringCGLIB$$ac264616] is not eligible for getting processed by all BeanPostProcessors (for example: not eligible for auto-proxying)
2019-01-03 15:35:51.066 |-INFO  [main] org.springframework.boot.context.embedded.tomcat.TomcatEmbeddedServletContainer [89] -| Tomcat initialized with port(s): 8082 (http)
2019-01-03 15:35:51.095 |-INFO  [main] org.apache.catalina.core.StandardService [180] -| Starting service [Tomcat]
2019-01-03 15:35:51.097 |-INFO  [main] org.apache.catalina.core.StandardEngine [180] -| Starting Servlet Engine: Apache Tomcat/8.5.27
2019-01-03 15:35:51.231 |-INFO  [localhost-startStop-1] org.apache.catalina.core.ContainerBase.[Tomcat].[localhost].[/] [180] -| Initializing Spring embedded WebApplicationContext
2019-01-03 15:35:51.231 |-INFO  [localhost-startStop-1] org.springframework.web.context.ContextLoader [276] -| Root WebApplicationContext: initialization completed in 1237 ms
2019-01-03 15:35:51.536 |-INFO  [localhost-startStop-1] org.springframework.boot.web.servlet.ServletRegistrationBean [190] -| Mapping servlet: 'dispatcherServlet' to [/]
2019-01-03 15:35:51.543 |-INFO  [localhost-startStop-1] org.springframework.boot.web.servlet.FilterRegistrationBean [258] -| Mapping filter: 'metricsFilter' to: [/*]
2019-01-03 15:35:51.543 |-INFO  [localhost-startStop-1] org.springframework.boot.web.servlet.FilterRegistrationBean [258] -| Mapping filter: 'characterEncodingFilter' to: [/*]
2019-01-03 15:35:51.543 |-INFO  [localhost-startStop-1] org.springframework.boot.web.servlet.FilterRegistrationBean [258] -| Mapping filter: 'hiddenHttpMethodFilter' to: [/*]
2019-01-03 15:35:51.544 |-INFO  [localhost-startStop-1] org.springframework.boot.web.servlet.FilterRegistrationBean [258] -| Mapping filter: 'httpPutFormContentFilter' to: [/*]
2019-01-03 15:35:51.544 |-INFO  [localhost-startStop-1] org.springframework.boot.web.servlet.FilterRegistrationBean [258] -| Mapping filter: 'requestContextFilter' to: [/*]
2019-01-03 15:35:51.544 |-INFO  [localhost-startStop-1] org.springframework.boot.web.servlet.FilterRegistrationBean [258] -| Mapping filter: 'webRequestLoggingFilter' to: [/*]
2019-01-03 15:35:51.544 |-INFO  [localhost-startStop-1] org.springframework.boot.web.servlet.FilterRegistrationBean [258] -| Mapping filter: 'applicationContextIdFilter' to: [/*]
2019-01-03 15:35:51.971 |-INFO  [main] org.springframework.web.servlet.mvc.method.annotation.RequestMappingHandlerAdapter [534] -| Looking for @ControllerAdvice: org.springframework.boot.context.embedded.AnnotationConfigEmbeddedWebApplicationContext@73ab3aac: startup date [Thu Jan 03 15:35:49 CST 2019]; parent: org.springframework.context.annotation.AnnotationConfigApplicationContext@388526fb
2019-01-03 15:35:52.046 |-INFO  [main] org.springframework.web.servlet.mvc.method.annotation.RequestMappingHandlerMapping [543] -| Mapped "{[/error]}" onto public org.springframework.http.ResponseEntity<java.util.Map<java.lang.String, java.lang.Object>> org.springframework.boot.autoconfigure.web.BasicErrorController.error(javax.servlet.http.HttpServletRequest)
2019-01-03 15:35:52.047 |-INFO  [main] org.springframework.web.servlet.mvc.method.annotation.RequestMappingHandlerMapping [543] -| Mapped "{[/error],produces=[text/html]}" onto public org.springframework.web.servlet.ModelAndView org.springframework.boot.autoconfigure.web.BasicErrorController.errorHtml(javax.servlet.http.HttpServletRequest,javax.servlet.http.HttpServletResponse)
2019-01-03 15:35:52.055 |-INFO  [main] org.springframework.web.servlet.mvc.method.annotation.RequestMappingHandlerMapping [543] -| Mapped "{[/encrypt],methods=[POST]}" onto public java.lang.String org.springframework.cloud.config.server.encryption.EncryptionController.encrypt(java.lang.String,org.springframework.http.MediaType)
2019-01-03 15:35:52.055 |-INFO  [main] org.springframework.web.servlet.mvc.method.annotation.RequestMappingHandlerMapping [543] -| Mapped "{[/encrypt/{name}/{profiles}],methods=[POST]}" onto public java.lang.String org.springframework.cloud.config.server.encryption.EncryptionController.encrypt(java.lang.String,java.lang.String,java.lang.String,org.springframework.http.MediaType)
2019-01-03 15:35:52.055 |-INFO  [main] org.springframework.web.servlet.mvc.method.annotation.RequestMappingHandlerMapping [543] -| Mapped "{[/decrypt],methods=[POST]}" onto public java.lang.String org.springframework.cloud.config.server.encryption.EncryptionController.decrypt(java.lang.String,org.springframework.http.MediaType)
2019-01-03 15:35:52.056 |-INFO  [main] org.springframework.web.servlet.mvc.method.annotation.RequestMappingHandlerMapping [543] -| Mapped "{[/decrypt/{name}/{profiles}],methods=[POST]}" onto public java.lang.String org.springframework.cloud.config.server.encryption.EncryptionController.decrypt(java.lang.String,java.lang.String,java.lang.String,org.springframework.http.MediaType)
2019-01-03 15:35:52.057 |-INFO  [main] org.springframework.web.servlet.mvc.method.annotation.RequestMappingHandlerMapping [543] -| Mapped "{[/key],methods=[GET]}" onto public java.lang.String org.springframework.cloud.config.server.encryption.EncryptionController.getPublicKey()
2019-01-03 15:35:52.058 |-INFO  [main] org.springframework.web.servlet.mvc.method.annotation.RequestMappingHandlerMapping [543] -| Mapped "{[/key/{name}/{profiles}],methods=[GET]}" onto public java.lang.String org.springframework.cloud.config.server.encryption.EncryptionController.getPublicKey(java.lang.String,java.lang.String)
2019-01-03 15:35:52.058 |-INFO  [main] org.springframework.web.servlet.mvc.method.annotation.RequestMappingHandlerMapping [543] -| Mapped "{[/encrypt/status],methods=[GET]}" onto public java.util.Map<java.lang.String, java.lang.Object> org.springframework.cloud.config.server.encryption.EncryptionController.status()
2019-01-03 15:35:52.064 |-INFO  [main] org.springframework.web.servlet.mvc.method.annotation.RequestMappingHandlerMapping [543] -| Mapped "{[/{name}-{profiles}.properties],methods=[GET]}" onto public org.springframework.http.ResponseEntity<java.lang.String> org.springframework.cloud.config.server.environment.EnvironmentController.properties(java.lang.String,java.lang.String,boolean) throws java.io.IOException
2019-01-03 15:35:52.065 |-INFO  [main] org.springframework.web.servlet.mvc.method.annotation.RequestMappingHandlerMapping [543] -| Mapped "{[/{name}-{profiles}.yml || /{name}-{profiles}.yaml],methods=[GET]}" onto public org.springframework.http.ResponseEntity<java.lang.String> org.springframework.cloud.config.server.environment.EnvironmentController.yaml(java.lang.String,java.lang.String,boolean) throws java.lang.Exception
2019-01-03 15:35:52.065 |-INFO  [main] org.springframework.web.servlet.mvc.method.annotation.RequestMappingHandlerMapping [543] -| Mapped "{[/{name}/{profiles:.*[^-].*}],methods=[GET]}" onto public org.springframework.cloud.config.environment.Environment org.springframework.cloud.config.server.environment.EnvironmentController.defaultLabel(java.lang.String,java.lang.String)
2019-01-03 15:35:52.066 |-INFO  [main] org.springframework.web.servlet.mvc.method.annotation.RequestMappingHandlerMapping [543] -| Mapped "{[/{label}/{name}-{profiles}.yml || /{label}/{name}-{profiles}.yaml],methods=[GET]}" onto public org.springframework.http.ResponseEntity<java.lang.String> org.springframework.cloud.config.server.environment.EnvironmentController.labelledYaml(java.lang.String,java.lang.String,java.lang.String,boolean) throws java.lang.Exception
2019-01-03 15:35:52.066 |-INFO  [main] org.springframework.web.servlet.mvc.method.annotation.RequestMappingHandlerMapping [543] -| Mapped "{[/{name}/{profiles}/{label:.*}],methods=[GET]}" onto public org.springframework.cloud.config.environment.Environment org.springframework.cloud.config.server.environment.EnvironmentController.labelled(java.lang.String,java.lang.String,java.lang.String)
2019-01-03 15:35:52.067 |-INFO  [main] org.springframework.web.servlet.mvc.method.annotation.RequestMappingHandlerMapping [543] -| Mapped "{[/{name}-{profiles}.json],methods=[GET]}" onto public org.springframework.http.ResponseEntity<java.lang.String> org.springframework.cloud.config.server.environment.EnvironmentController.jsonProperties(java.lang.String,java.lang.String,boolean) throws java.lang.Exception
2019-01-03 15:35:52.067 |-INFO  [main] org.springframework.web.servlet.mvc.method.annotation.RequestMappingHandlerMapping [543] -| Mapped "{[/{label}/{name}-{profiles}.properties],methods=[GET]}" onto public org.springframework.http.ResponseEntity<java.lang.String> org.springframework.cloud.config.server.environment.EnvironmentController.labelledProperties(java.lang.String,java.lang.String,java.lang.String,boolean) throws java.io.IOException
2019-01-03 15:35:52.068 |-INFO  [main] org.springframework.web.servlet.mvc.method.annotation.RequestMappingHandlerMapping [543] -| Mapped "{[/{label}/{name}-{profiles}.json],methods=[GET]}" onto public org.springframework.http.ResponseEntity<java.lang.String> org.springframework.cloud.config.server.environment.EnvironmentController.labelledJsonProperties(java.lang.String,java.lang.String,java.lang.String,boolean) throws java.lang.Exception
2019-01-03 15:35:52.078 |-INFO  [main] org.springframework.web.servlet.mvc.method.annotation.RequestMappingHandlerMapping [543] -| Mapped "{[/{name}/{profile}/{label}/**],methods=[GET],produces=[application/octet-stream]}" onto public synchronized byte[] org.springframework.cloud.config.server.resource.ResourceController.binary(java.lang.String,java.lang.String,java.lang.String,javax.servlet.http.HttpServletRequest) throws java.io.IOException
2019-01-03 15:35:52.078 |-INFO  [main] org.springframework.web.servlet.mvc.method.annotation.RequestMappingHandlerMapping [543] -| Mapped "{[/{name}/{profile}/{label}/**],methods=[GET]}" onto public java.lang.String org.springframework.cloud.config.server.resource.ResourceController.retrieve(java.lang.String,java.lang.String,java.lang.String,javax.servlet.http.HttpServletRequest,boolean) throws java.io.IOException
2019-01-03 15:35:52.078 |-INFO  [main] org.springframework.web.servlet.mvc.method.annotation.RequestMappingHandlerMapping [543] -| Mapped "{[/{name}/{profile}/**],methods=[GET],params=[useDefaultLabel]}" onto public java.lang.String org.springframework.cloud.config.server.resource.ResourceController.retrieve(java.lang.String,java.lang.String,javax.servlet.http.HttpServletRequest,boolean) throws java.io.IOException
2019-01-03 15:35:52.121 |-INFO  [main] org.springframework.web.servlet.handler.SimpleUrlHandlerMapping [362] -| Mapped URL path [/webjars/**] onto handler of type [class org.springframework.web.servlet.resource.ResourceHttpRequestHandler]
2019-01-03 15:35:52.121 |-INFO  [main] org.springframework.web.servlet.handler.SimpleUrlHandlerMapping [362] -| Mapped URL path [/**] onto handler of type [class org.springframework.web.servlet.resource.ResourceHttpRequestHandler]
2019-01-03 15:35:52.179 |-INFO  [main] org.springframework.web.servlet.handler.SimpleUrlHandlerMapping [362] -| Mapped URL path [/**/favicon.ico] onto handler of type [class org.springframework.web.servlet.resource.ResourceHttpRequestHandler]
2019-01-03 15:35:55.706 |-INFO  [main] org.springframework.boot.actuate.endpoint.mvc.EndpointHandlerMapping [543] -| Mapped "{[/dump || /dump.json],methods=[GET],produces=[application/vnd.spring-boot.actuator.v1+json || application/json]}" onto public java.lang.Object org.springframework.boot.actuate.endpoint.mvc.EndpointMvcAdapter.invoke()
2019-01-03 15:35:55.706 |-INFO  [main] org.springframework.boot.actuate.endpoint.mvc.EndpointHandlerMapping [543] -| Mapped "{[/autoconfig || /autoconfig.json],methods=[GET],produces=[application/vnd.spring-boot.actuator.v1+json || application/json]}" onto public java.lang.Object org.springframework.boot.actuate.endpoint.mvc.EndpointMvcAdapter.invoke()
2019-01-03 15:35:55.707 |-INFO  [main] org.springframework.boot.actuate.endpoint.mvc.EndpointHandlerMapping [543] -| Mapped "{[/features || /features.json],methods=[GET],produces=[application/vnd.spring-boot.actuator.v1+json || application/json]}" onto public java.lang.Object org.springframework.boot.actuate.endpoint.mvc.EndpointMvcAdapter.invoke()
2019-01-03 15:35:55.708 |-INFO  [main] org.springframework.boot.actuate.endpoint.mvc.EndpointHandlerMapping [543] -| Mapped "{[/auditevents || /auditevents.json],methods=[GET],produces=[application/vnd.spring-boot.actuator.v1+json || application/json]}" onto public org.springframework.http.ResponseEntity<?> org.springframework.boot.actuate.endpoint.mvc.AuditEventsMvcEndpoint.findByPrincipalAndAfterAndType(java.lang.String,java.util.Date,java.lang.String)
2019-01-03 15:35:55.709 |-INFO  [main] org.springframework.boot.actuate.endpoint.mvc.EndpointHandlerMapping [543] -| Mapped "{[/beans || /beans.json],methods=[GET],produces=[application/vnd.spring-boot.actuator.v1+json || application/json]}" onto public java.lang.Object org.springframework.boot.actuate.endpoint.mvc.EndpointMvcAdapter.invoke()
2019-01-03 15:35:55.709 |-INFO  [main] org.springframework.boot.actuate.endpoint.mvc.EndpointHandlerMapping [543] -| Mapped "{[/refresh || /refresh.json],methods=[POST]}" onto public java.lang.Object org.springframework.cloud.endpoint.GenericPostableMvcEndpoint.invoke()
2019-01-03 15:35:55.710 |-INFO  [main] org.springframework.boot.actuate.endpoint.mvc.EndpointHandlerMapping [543] -| Mapped "{[/mappings || /mappings.json],methods=[GET],produces=[application/vnd.spring-boot.actuator.v1+json || application/json]}" onto public java.lang.Object org.springframework.boot.actuate.endpoint.mvc.EndpointMvcAdapter.invoke()
2019-01-03 15:35:55.711 |-INFO  [main] org.springframework.boot.actuate.endpoint.mvc.EndpointHandlerMapping [543] -| Mapped "{[/env/{name:.*}],methods=[GET],produces=[application/vnd.spring-boot.actuator.v1+json || application/json]}" onto public java.lang.Object org.springframework.boot.actuate.endpoint.mvc.EnvironmentMvcEndpoint.value(java.lang.String)
2019-01-03 15:35:55.711 |-INFO  [main] org.springframework.boot.actuate.endpoint.mvc.EndpointHandlerMapping [543] -| Mapped "{[/env || /env.json],methods=[GET],produces=[application/vnd.spring-boot.actuator.v1+json || application/json]}" onto public java.lang.Object org.springframework.boot.actuate.endpoint.mvc.EndpointMvcAdapter.invoke()
2019-01-03 15:35:55.712 |-INFO  [main] org.springframework.boot.actuate.endpoint.mvc.EndpointHandlerMapping [543] -| Mapped "{[/heapdump || /heapdump.json],methods=[GET],produces=[application/octet-stream]}" onto public void org.springframework.boot.actuate.endpoint.mvc.HeapdumpMvcEndpoint.invoke(boolean,javax.servlet.http.HttpServletRequest,javax.servlet.http.HttpServletResponse) throws java.io.IOException,javax.servlet.ServletException
2019-01-03 15:35:55.713 |-INFO  [main] org.springframework.boot.actuate.endpoint.mvc.EndpointHandlerMapping [543] -| Mapped "{[/trace || /trace.json],methods=[GET],produces=[application/vnd.spring-boot.actuator.v1+json || application/json]}" onto public java.lang.Object org.springframework.boot.actuate.endpoint.mvc.EndpointMvcAdapter.invoke()
2019-01-03 15:35:55.714 |-INFO  [main] org.springframework.boot.actuate.endpoint.mvc.EndpointHandlerMapping [543] -| Mapped "{[/health || /health.json],methods=[GET],produces=[application/vnd.spring-boot.actuator.v1+json || application/json]}" onto public java.lang.Object org.springframework.boot.actuate.endpoint.mvc.HealthMvcEndpoint.invoke(javax.servlet.http.HttpServletRequest,java.security.Principal)
2019-01-03 15:35:55.716 |-INFO  [main] org.springframework.boot.actuate.endpoint.mvc.EndpointHandlerMapping [543] -| Mapped "{[/loggers/{name:.*}],methods=[GET],produces=[application/vnd.spring-boot.actuator.v1+json || application/json]}" onto public java.lang.Object org.springframework.boot.actuate.endpoint.mvc.LoggersMvcEndpoint.get(java.lang.String)
2019-01-03 15:35:55.716 |-INFO  [main] org.springframework.boot.actuate.endpoint.mvc.EndpointHandlerMapping [543] -| Mapped "{[/loggers/{name:.*}],methods=[POST],consumes=[application/vnd.spring-boot.actuator.v1+json || application/json],produces=[application/vnd.spring-boot.actuator.v1+json || application/json]}" onto public java.lang.Object org.springframework.boot.actuate.endpoint.mvc.LoggersMvcEndpoint.set(java.lang.String,java.util.Map<java.lang.String, java.lang.String>)
2019-01-03 15:35:55.718 |-INFO  [main] org.springframework.boot.actuate.endpoint.mvc.EndpointHandlerMapping [543] -| Mapped "{[/loggers || /loggers.json],methods=[GET],produces=[application/vnd.spring-boot.actuator.v1+json || application/json]}" onto public java.lang.Object org.springframework.boot.actuate.endpoint.mvc.EndpointMvcAdapter.invoke()
2019-01-03 15:35:55.718 |-INFO  [main] org.springframework.boot.actuate.endpoint.mvc.EndpointHandlerMapping [543] -| Mapped "{[/info || /info.json],methods=[GET],produces=[application/vnd.spring-boot.actuator.v1+json || application/json]}" onto public java.lang.Object org.springframework.boot.actuate.endpoint.mvc.EndpointMvcAdapter.invoke()
2019-01-03 15:35:55.719 |-INFO  [main] org.springframework.boot.actuate.endpoint.mvc.EndpointHandlerMapping [543] -| Mapped "{[/env],methods=[POST]}" onto public java.lang.Object org.springframework.cloud.context.environment.EnvironmentManagerMvcEndpoint.value(java.util.Map<java.lang.String, java.lang.String>)
2019-01-03 15:35:55.719 |-INFO  [main] org.springframework.boot.actuate.endpoint.mvc.EndpointHandlerMapping [543] -| Mapped "{[/env/reset],methods=[POST]}" onto public java.util.Map<java.lang.String, java.lang.Object> org.springframework.cloud.context.environment.EnvironmentManagerMvcEndpoint.reset()
2019-01-03 15:35:55.720 |-INFO  [main] org.springframework.boot.actuate.endpoint.mvc.EndpointHandlerMapping [543] -| Mapped "{[/metrics/{name:.*}],methods=[GET],produces=[application/vnd.spring-boot.actuator.v1+json || application/json]}" onto public java.lang.Object org.springframework.boot.actuate.endpoint.mvc.MetricsMvcEndpoint.value(java.lang.String)
2019-01-03 15:35:55.720 |-INFO  [main] org.springframework.boot.actuate.endpoint.mvc.EndpointHandlerMapping [543] -| Mapped "{[/metrics || /metrics.json],methods=[GET],produces=[application/vnd.spring-boot.actuator.v1+json || application/json]}" onto public java.lang.Object org.springframework.boot.actuate.endpoint.mvc.EndpointMvcAdapter.invoke()
2019-01-03 15:35:55.721 |-INFO  [main] org.springframework.boot.actuate.endpoint.mvc.EndpointHandlerMapping [543] -| Mapped "{[/configprops || /configprops.json],methods=[GET],produces=[application/vnd.spring-boot.actuator.v1+json || application/json]}" onto public java.lang.Object org.springframework.boot.actuate.endpoint.mvc.EndpointMvcAdapter.invoke()
2019-01-03 15:35:56.591 |-INFO  [main] org.springframework.jmx.export.annotation.AnnotationMBeanExporter [431] -| Registering beans for JMX exposure on startup
2019-01-03 15:35:56.601 |-INFO  [main] org.springframework.jmx.export.annotation.AnnotationMBeanExporter [916] -| Bean with name 'configurationPropertiesRebinder' has been autodetected for JMX exposure
2019-01-03 15:35:56.601 |-INFO  [main] org.springframework.jmx.export.annotation.AnnotationMBeanExporter [916] -| Bean with name 'refreshEndpoint' has been autodetected for JMX exposure
2019-01-03 15:35:56.602 |-INFO  [main] org.springframework.jmx.export.annotation.AnnotationMBeanExporter [916] -| Bean with name 'environmentManager' has been autodetected for JMX exposure
2019-01-03 15:35:56.605 |-INFO  [main] org.springframework.jmx.export.annotation.AnnotationMBeanExporter [916] -| Bean with name 'refreshScope' has been autodetected for JMX exposure
2019-01-03 15:35:56.608 |-INFO  [main] org.springframework.jmx.export.annotation.AnnotationMBeanExporter [678] -| Located managed bean 'environmentManager': registering with JMX server as MBean [org.springframework.cloud.context.environment:name=environmentManager,type=EnvironmentManager]
2019-01-03 15:35:56.623 |-INFO  [main] org.springframework.jmx.export.annotation.AnnotationMBeanExporter [678] -| Located managed bean 'refreshScope': registering with JMX server as MBean [org.springframework.cloud.context.scope.refresh:name=refreshScope,type=RefreshScope]
2019-01-03 15:35:56.637 |-INFO  [main] org.springframework.jmx.export.annotation.AnnotationMBeanExporter [678] -| Located managed bean 'configurationPropertiesRebinder': registering with JMX server as MBean [org.springframework.cloud.context.properties:name=configurationPropertiesRebinder,context=73ab3aac,type=ConfigurationPropertiesRebinder]
2019-01-03 15:35:56.644 |-INFO  [main] org.springframework.jmx.export.annotation.AnnotationMBeanExporter [678] -| Located managed bean 'refreshEndpoint': registering with JMX server as MBean [org.springframework.cloud.endpoint:name=refreshEndpoint,type=RefreshEndpoint]
2019-01-03 15:35:56.650 |-INFO  [main] org.springframework.boot.actuate.endpoint.jmx.EndpointMBeanExporter [431] -| Registering beans for JMX exposure on startup
2019-01-03 15:35:56.663 |-INFO  [main] org.springframework.context.support.DefaultLifecycleProcessor [343] -| Starting beans in phase 0
2019-01-03 15:35:56.664 |-INFO  [main] org.springframework.boot.actuate.endpoint.jmx.EndpointMBeanExporter [678] -| Located managed bean 'auditEventsEndpoint': registering with JMX server as MBean [org.springframework.boot:type=Endpoint,name=auditEventsEndpoint]
2019-01-03 15:35:56.671 |-INFO  [main] org.springframework.boot.actuate.endpoint.jmx.EndpointMBeanExporter [678] -| Located managed bean 'featuresEndpoint': registering with JMX server as MBean [org.springframework.boot:type=Endpoint,name=featuresEndpoint]
2019-01-03 15:35:56.680 |-INFO  [main] org.springframework.boot.actuate.endpoint.jmx.EndpointMBeanExporter [678] -| Located managed bean 'requestMappingEndpoint': registering with JMX server as MBean [org.springframework.boot:type=Endpoint,name=requestMappingEndpoint]
2019-01-03 15:35:56.681 |-INFO  [main] org.springframework.boot.actuate.endpoint.jmx.EndpointMBeanExporter [678] -| Located managed bean 'environmentEndpoint': registering with JMX server as MBean [org.springframework.boot:type=Endpoint,name=environmentEndpoint]
2019-01-03 15:35:56.685 |-INFO  [main] org.springframework.boot.actuate.endpoint.jmx.EndpointMBeanExporter [678] -| Located managed bean 'healthEndpoint': registering with JMX server as MBean [org.springframework.boot:type=Endpoint,name=healthEndpoint]
2019-01-03 15:35:56.687 |-INFO  [main] org.springframework.boot.actuate.endpoint.jmx.EndpointMBeanExporter [678] -| Located managed bean 'beansEndpoint': registering with JMX server as MBean [org.springframework.boot:type=Endpoint,name=beansEndpoint]
2019-01-03 15:35:56.689 |-INFO  [main] org.springframework.boot.actuate.endpoint.jmx.EndpointMBeanExporter [678] -| Located managed bean 'infoEndpoint': registering with JMX server as MBean [org.springframework.boot:type=Endpoint,name=infoEndpoint]
2019-01-03 15:35:56.692 |-INFO  [main] org.springframework.boot.actuate.endpoint.jmx.EndpointMBeanExporter [678] -| Located managed bean 'loggersEndpoint': registering with JMX server as MBean [org.springframework.boot:type=Endpoint,name=loggersEndpoint]
2019-01-03 15:35:56.699 |-INFO  [main] org.springframework.boot.actuate.endpoint.jmx.EndpointMBeanExporter [678] -| Located managed bean 'metricsEndpoint': registering with JMX server as MBean [org.springframework.boot:type=Endpoint,name=metricsEndpoint]
2019-01-03 15:35:56.701 |-INFO  [main] org.springframework.boot.actuate.endpoint.jmx.EndpointMBeanExporter [678] -| Located managed bean 'traceEndpoint': registering with JMX server as MBean [org.springframework.boot:type=Endpoint,name=traceEndpoint]
2019-01-03 15:35:56.702 |-INFO  [main] org.springframework.boot.actuate.endpoint.jmx.EndpointMBeanExporter [678] -| Located managed bean 'dumpEndpoint': registering with JMX server as MBean [org.springframework.boot:type=Endpoint,name=dumpEndpoint]
2019-01-03 15:35:56.704 |-INFO  [main] org.springframework.boot.actuate.endpoint.jmx.EndpointMBeanExporter [678] -| Located managed bean 'autoConfigurationReportEndpoint': registering with JMX server as MBean [org.springframework.boot:type=Endpoint,name=autoConfigurationReportEndpoint]
2019-01-03 15:35:56.706 |-INFO  [main] org.springframework.boot.actuate.endpoint.jmx.EndpointMBeanExporter [678] -| Located managed bean 'configurationPropertiesReportEndpoint': registering with JMX server as MBean [org.springframework.boot:type=Endpoint,name=configurationPropertiesReportEndpoint]
2019-01-03 15:35:56.725 |-INFO  [main] org.apache.coyote.http11.Http11NioProtocol [180] -| Initializing ProtocolHandler ["http-nio-8082"]
2019-01-03 15:35:56.738 |-INFO  [main] org.apache.coyote.http11.Http11NioProtocol [180] -| Starting ProtocolHandler ["http-nio-8082"]
2019-01-03 15:35:56.755 |-INFO  [main] org.apache.tomcat.util.net.NioSelectorPool [180] -| Using a shared selector for servlet write/read
2019-01-03 15:35:56.779 |-INFO  [main] org.springframework.boot.context.embedded.tomcat.TomcatEmbeddedServletContainer [201] -| Tomcat started on port(s): 8082 (http)
2019-01-03 15:35:56.783 |-INFO  [main] somnous.y.configservice.ConfigServiceApplication [57] -| Started ConfigServiceApplication in 9.554 seconds (JVM running for 11.647)
2019-01-03 15:35:59.015 |-INFO  [RMI TCP Connection(10)-127.0.0.1] org.springframework.context.annotation.AnnotationConfigApplicationContext [583] -| Refreshing org.springframework.context.annotation.AnnotationConfigApplicationContext@b7c9ce4: startup date [Thu Jan 03 15:35:59 CST 2019]; root of context hierarchy
2019-01-03 15:35:59.103 |-INFO  [RMI TCP Connection(10)-127.0.0.1] org.springframework.context.annotation.AnnotationConfigApplicationContext [984] -| Closing org.springframework.context.annotation.AnnotationConfigApplicationContext@b7c9ce4: startup date [Thu Jan 03 15:35:59 CST 2019]; root of context hierarchy
